mode: set
github.com/username/manual-parse/main.go:22.30,24.2 1 1
github.com/username/manual-parse/main.go:28.35,29.38 1 1
github.com/username/manual-parse/main.go:29.38,31.3 1 1
github.com/username/manual-parse/main.go:32.2,32.12 1 1
github.com/username/manual-parse/main.go:36.47,40.20 4 1
github.com/username/manual-parse/main.go:40.20,42.3 1 1
github.com/username/manual-parse/main.go:44.2,44.43 1 1
github.com/username/manual-parse/main.go:44.43,47.3 2 1
github.com/username/manual-parse/main.go:49.2,50.16 2 1
github.com/username/manual-parse/main.go:50.16,52.3 1 1
github.com/username/manual-parse/main.go:53.2,55.15 2 1
github.com/username/manual-parse/main.go:60.56,65.38 5 1
github.com/username/manual-parse/main.go:65.38,67.3 1 0
github.com/username/manual-parse/main.go:68.2,69.20 2 1
github.com/username/manual-parse/main.go:69.20,71.3 1 1
github.com/username/manual-parse/main.go:72.2,72.18 1 1
github.com/username/manual-parse/main.go:76.52,78.34 2 1
github.com/username/manual-parse/main.go:78.34,80.3 1 1
github.com/username/manual-parse/main.go:84.55,85.18 1 1
github.com/username/manual-parse/main.go:85.18,88.3 2 1
github.com/username/manual-parse/main.go:90.2,91.16 2 1
github.com/username/manual-parse/main.go:91.16,93.3 1 1
github.com/username/manual-parse/main.go:94.2,95.12 2 1
github.com/username/manual-parse/main.go:98.13,100.16 2 0
github.com/username/manual-parse/main.go:100.16,104.3 3 0
github.com/username/manual-parse/main.go:105.2,106.16 2 0
github.com/username/manual-parse/main.go:106.16,110.3 3 0
github.com/username/manual-parse/main.go:112.2,113.16 2 0
github.com/username/manual-parse/main.go:113.16,116.3 2 0
